[2024-12-03 09:00:01] INFO  Server started on port 8080
[2024-12-03 09:00:02] INFO  Configuration loaded: /etc/app/config.yaml
[2024-12-03 09:00:03] INFO  Database connection pool initialized with max 20 connections
[2024-12-03 09:00:05] INFO  Cache warmed up: 50 items loaded
[2024-12-03 09:00:05] INFO  Monitoring service connected to endpoint https://monitoring.example.com
[2024-12-03 09:00:10] INFO  Incoming request: GET /api/v1/users
[2024-12-03 09:00:10] INFO  Request completed: 200 OK (15ms)
[2024-12-03 09:00:12] INFO  Incoming request: POST /api/v1/login
[2024-12-03 09:00:12] INFO  Request completed: 200 OK (45ms)
[2024-12-03 09:00:15] INFO  Scheduled task 'syncOrders' started
[2024-12-03 09:00:15] INFO  Database query executed: SELECT * FROM orders WHERE status = 'pending'
[2024-12-03 09:00:15] INFO  20 orders fetched for synchronization
[2024-12-03 09:00:16] INFO  Order sync completed: 20 orders processed
[2024-12-03 09:00:18] INFO  Incoming request: GET /api/v1/products
[2024-12-03 09:00:18] INFO  Request completed: 200 OK (32ms)
[2024-12-03 09:00:20] INFO  Outgoing request to payment gateway: https://payments.example.com/validate
[2024-12-03 09:00:20] INFO  Payment validation response: 200 OK
[2024-12-03 09:00:30] ERROR Database connection timed out while executing query: SELECT * FROM users WHERE last_login > '2024-12-01'
[2024-12-03 09:00:30] WARN  Retrying database query: SELECT * FROM users WHERE last_login > '2024-12-01'
[2024-12-03 09:00:31] INFO  Database query successful after retry
[2024-12-03 09:00:33] INFO  Incoming request: POST /api/v1/logout
[2024-12-03 09:00:33] INFO  Request completed: 200 OK (20ms)
[2024-12-03 09:00:35] INFO  Scheduled task 'archiveLogs' started
[2024-12-03 09:00:35] INFO  Logs archived to /var/logs/archive/log_2024-12-03.tar.gz
[2024-12-03 09:00:40] INFO  Incoming request: GET /api/v1/metrics
[2024-12-03 09:00:40] INFO  Request completed: 200 OK (10ms)
[2024-12-03 09:00:42] ERROR Backend unable to reach database: Connection refused
[2024-12-03 09:00:42] WARN  Service degradation detected: Failed to fetch user data
[2024-12-03 09:00:45] INFO  Automatic database failover triggered
[2024-12-03 09:00:45] INFO  Switched to secondary database instance
[2024-12-03 09:00:46] INFO  Database connection re-established
[2024-12-03 09:00:48] INFO  Incoming request: POST /api/v1/register
[2024-12-03 09:00:48] INFO  Request completed: 201 Created (100ms)
[2024-12-03 09:00:50] INFO  Scheduled task 'cleanCache' started
[2024-12-03 09:00:50] INFO  Cache cleared: 50 items removed
[2024-12-03 09:00:55] INFO  Incoming request: GET /api/v1/users
[2024-12-03 09:00:55] INFO  Request completed: 200 OK (12ms)
[2024-12-03 09:01:00] INFO  Health check: All services operational
[2024-12-03 09:01:02] INFO  Monitoring service heartbeat sent
[2024-12-03 09:01:05] INFO  Scheduled task 'backupDatabase' started
[2024-12-03 09:01:05] INFO  Database backup completed: /backups/db_backup_2024-12-03.sql
[2024-12-03 09:01:10] INFO  Incoming request: DELETE /api/v1/users/123
[2024-12-03 09:01:10] INFO  Request completed: 204 No Content (25ms)
[2024-12-03 09:01:15] INFO  Incoming request: GET /api/v1/products
[2024-12-03 09:01:15] INFO  Request completed: 200 OK (30ms)
[2024-12-03 09:01:18] INFO  Scheduled task 'purgeOldSessions' started
[2024-12-03 09:01:18] INFO  Purged 150 old sessions
[2024-12-03 09:01:25] INFO  Incoming request: GET /api/v1/orders
[2024-12-03 09:01:25] INFO  Request completed: 200 OK (40ms)
[2024-12-03 09:01:30] ERROR Backend unable to reach database: Connection reset by peer
[2024-12-03 09:01:30] WARN  Service degradation detected: Intermittent database connectivity
[2024-12-03 09:01:32] INFO  Automatic reconnection attempt successful
